<?xml version="1.0" encoding="UTF-8"?>
<!-- Generated by org.testng.reporters.JUnitReportReporter -->
<testsuite hostname="BAN-LAP-BODA" failures="0" tests="4" name="api.test.UserTests" time="9.643" errors="0" timestamp="2023-04-18T14:24:30 IST" skipped="0">
  <testcase classname="api.test.UserTests" name="testPostUser" time="4.572"/>
  <system-out/>
  <testcase classname="api.test.UserTests" name="testGetUserByName" time="1.432"/>
  <system-out/>
  <testcase classname="api.test.UserTests" name="testUpdateUserByName" time="2.446"/>
  <system-out/>
  <testcase classname="api.test.UserTests" name="testDeleteUserByName" time="1.193"/>
  <system-out/>
</testsuite> <!-- api.test.UserTests -->
