<?xml version="1.0" encoding="UTF-8"?>
<!-- Generated by org.testng.reporters.JUnitReportReporter -->
<testsuite hostname="BAN-LAP-BODA" failures="0" tests="4" name="api.test.UserTests2" time="15.339" errors="0" timestamp="2023-04-19T12:11:44 IST" skipped="0">
  <testcase classname="api.test.UserTests2" name="testPostUser" time="5.644"/>
  <system-out/>
  <testcase classname="api.test.UserTests2" name="testGetUserByName" time="2.693"/>
  <system-out/>
  <testcase classname="api.test.UserTests2" name="testUpdateUserByName" time="5.103"/>
  <system-out/>
  <testcase classname="api.test.UserTests2" name="testDeleteUserByName" time="1.899"/>
  <system-out/>
</testsuite> <!-- api.test.UserTests2 -->
