<?xml version="1.0" encoding="UTF-8"?>
<!-- Generated by org.testng.reporters.JUnitReportReporter -->
<testsuite hostname="BAN-LAP-BODA" failures="0" tests="8" name="api.test.DDTests" time="12.552" errors="0" timestamp="2023-04-18T13:46:42 IST" skipped="0">
  <testcase classname="api.test.DDTests" name="testPostUser" time="1.222"/>
  <system-out/>
  <testcase classname="api.test.DDTests" name="testPostUser" time="1.212"/>
  <system-out/>
  <testcase classname="api.test.DDTests" name="testPostUser" time="4.011"/>
  <system-out/>
  <testcase classname="api.test.DDTests" name="testPostUser" time="1.259"/>
  <system-out/>
  <testcase classname="api.test.DDTests" name="testDeleteUser" time="1.220"/>
  <system-out/>
  <testcase classname="api.test.DDTests" name="testDeleteUser" time="1.277"/>
  <system-out/>
  <testcase classname="api.test.DDTests" name="testDeleteUser" time="1.048"/>
  <system-out/>
  <testcase classname="api.test.DDTests" name="testDeleteUser" time="1.303"/>
  <system-out/>
</testsuite> <!-- api.test.DDTests -->
