<?xml version="1.0" encoding="UTF-8"?>
<!-- Generated by org.testng.reporters.JUnitReportReporter -->
<testsuite hostname="BAN-LAP-BODA" failures="0" tests="8" name="api.test.DDTests" time="20.732" errors="0" timestamp="2023-04-19T12:38:43 IST" skipped="0">
  <testcase classname="api.test.DDTests" name="testPostUser" time="2.558"/>
  <system-out/>
  <testcase classname="api.test.DDTests" name="testPostUser" time="2.324"/>
  <system-out/>
  <testcase classname="api.test.DDTests" name="testPostUser" time="4.526"/>
  <system-out/>
  <testcase classname="api.test.DDTests" name="testPostUser" time="2.659"/>
  <system-out/>
  <testcase classname="api.test.DDTests" name="testDeleteUser" time="1.760"/>
  <system-out/>
  <testcase classname="api.test.DDTests" name="testDeleteUser" time="2.071"/>
  <system-out/>
  <testcase classname="api.test.DDTests" name="testDeleteUser" time="2.885"/>
  <system-out/>
  <testcase classname="api.test.DDTests" name="testDeleteUser" time="1.949"/>
  <system-out/>
</testsuite> <!-- api.test.DDTests -->
