<?xml version="1.0" encoding="UTF-8"?>
<!-- Generated by org.testng.reporters.JUnitReportReporter -->
<testsuite hostname="BAN-LAP-BODA" failures="0" tests="4" name="api.test.UserTests" time="11.720" errors="0" timestamp="2023-04-19T12:27:07 IST" skipped="0">
  <testcase classname="api.test.UserTests" name="testPostUser" time="2.700"/>
  <system-out/>
  <testcase classname="api.test.UserTests" name="testGetUserByName" time="2.328"/>
  <system-out/>
  <testcase classname="api.test.UserTests" name="testUpdateUserByName" time="4.732"/>
  <system-out/>
  <testcase classname="api.test.UserTests" name="testDeleteUserByName" time="1.960"/>
  <system-out/>
</testsuite> <!-- api.test.UserTests -->
