<?xml version="1.0" encoding="UTF-8"?>
<!-- Generated by org.testng.reporters.JUnitReportReporter -->
<testsuite hostname="BAN-LAP-BODA" failures="0" tests="4" name="api.test.UserTests2" time="22.774" errors="0" timestamp="2023-04-19T12:35:12 IST" skipped="0">
  <testcase classname="api.test.UserTests2" name="testPostUser" time="6.144"/>
  <system-out/>
  <testcase classname="api.test.UserTests2" name="testGetUserByName" time="10.089"/>
  <system-out/>
  <testcase classname="api.test.UserTests2" name="testUpdateUserByName" time="3.784"/>
  <system-out/>
  <testcase classname="api.test.UserTests2" name="testDeleteUserByName" time="2.757"/>
  <system-out/>
</testsuite> <!-- api.test.UserTests2 -->
